
SQL*Loader: Release 11.2.0.1.0 - Production on Tue Feb 12 18:00:34 2019

Copyright (c) 1982, 2009, Oracle and/or its affiliates.  All rights reserved.

Control File:   LOAD_EMP.ctl
Data File:      LOAD_EMP.dat
  Bad File:     LOAD_EMP.bad
  Discard File:  none specified
 
 (Allow all discards)

Number to load: ALL
Number to skip: 0
Errors allowed: 50
Bind array:     64 rows, maximum of 256000 bytes
Continuation:    none specified
Path used:      Conventional

Table EMP, loaded from every logical record.
Insert option in effect for this table: APPEND

   Column Name                  Position   Len  Term Encl Datatype
------------------------------ ---------- ----- ---- ---- ---------------------
EMPNO                               FIRST     *   /       CHARACTER            
FNAME                                NEXT     *   /       CHARACTER            
LNAME                                NEXT     *   /       CHARACTER            
ADDRESS                              NEXT     *   /       CHARACTER            
SEX                                  NEXT     *   /       CHARACTER            
SALARY                               NEXT     *   /       CHARACTER            
POSITION                             NEXT     *   /       CHARACTER            

Record 9: Rejected - Error on table EMP, column EMPNO.
Column not found before end of logical record (use TRAILING NULLCOLS)

Table EMP:
  8 Rows successfully loaded.
  1 Row not loaded due to data errors.
  0 Rows not loaded because all WHEN clauses were failed.
  0 Rows not loaded because all fields were null.


Space allocated for bind array:                 115584 bytes(64 rows)
Read   buffer bytes: 1048576

Total logical records skipped:          0
Total logical records read:             9
Total logical records rejected:         1
Total logical records discarded:        0

Run began on Tue Feb 12 18:00:34 2019
Run ended on Tue Feb 12 18:00:37 2019

Elapsed time was:     00:00:03.66
CPU time was:         00:00:00.01
